mode: set
github.com/Royal17x/hireradar/internal/repository/postgres/filter.go:13.50,15.2 1 0
github.com/Royal17x/hireradar/internal/repository/postgres/filter.go:17.76,22.16 3 0
github.com/Royal17x/hireradar/internal/repository/postgres/filter.go:22.16,24.3 1 0
github.com/Royal17x/hireradar/internal/repository/postgres/filter.go:25.2,25.12 1 0
github.com/Royal17x/hireradar/internal/repository/postgres/filter.go:28.92,34.16 3 0
github.com/Royal17x/hireradar/internal/repository/postgres/filter.go:34.16,36.3 1 0
github.com/Royal17x/hireradar/internal/repository/postgres/filter.go:37.2,39.18 3 0
github.com/Royal17x/hireradar/internal/repository/postgres/filter.go:39.18,43.3 3 0
github.com/Royal17x/hireradar/internal/repository/postgres/filter.go:44.2,44.34 1 0
github.com/Royal17x/hireradar/internal/repository/postgres/filter.go:44.34,46.3 1 0
github.com/Royal17x/hireradar/internal/repository/postgres/filter.go:47.2,47.21 1 0
github.com/Royal17x/hireradar/internal/repository/postgres/filter.go:50.78,55.16 3 0
github.com/Royal17x/hireradar/internal/repository/postgres/filter.go:55.16,57.3 1 0
github.com/Royal17x/hireradar/internal/repository/postgres/filter.go:58.2,58.12 1 0
github.com/Royal17x/hireradar/internal/repository/postgres/filter.go:61.64,64.16 3 0
github.com/Royal17x/hireradar/internal/repository/postgres/filter.go:64.16,66.3 1 0
github.com/Royal17x/hireradar/internal/repository/postgres/filter.go:67.2,67.12 1 0
github.com/Royal17x/hireradar/internal/repository/postgres/user.go:15.58,17.2 1 0
github.com/Royal17x/hireradar/internal/repository/postgres/user.go:19.76,24.16 3 0
github.com/Royal17x/hireradar/internal/repository/postgres/user.go:24.16,26.3 1 0
github.com/Royal17x/hireradar/internal/repository/postgres/user.go:27.2,27.12 1 0
github.com/Royal17x/hireradar/internal/repository/postgres/user.go:30.98,36.16 4 0
github.com/Royal17x/hireradar/internal/repository/postgres/user.go:36.16,37.36 1 0
github.com/Royal17x/hireradar/internal/repository/postgres/user.go:37.36,39.4 1 0
github.com/Royal17x/hireradar/internal/repository/postgres/user.go:40.3,40.18 1 0
github.com/Royal17x/hireradar/internal/repository/postgres/user.go:42.2,42.19 1 0
github.com/Royal17x/hireradar/internal/repository/postgres/vacancy.go:15.64,17.2 1 1
github.com/Royal17x/hireradar/internal/repository/postgres/vacancy.go:19.86,27.16 3 1
github.com/Royal17x/hireradar/internal/repository/postgres/vacancy.go:27.16,29.3 1 1
github.com/Royal17x/hireradar/internal/repository/postgres/vacancy.go:30.2,30.12 1 1
github.com/Royal17x/hireradar/internal/repository/postgres/vacancy.go:33.84,39.16 4 1
github.com/Royal17x/hireradar/internal/repository/postgres/vacancy.go:39.16,41.3 1 0
github.com/Royal17x/hireradar/internal/repository/postgres/vacancy.go:42.2,42.16 1 1
github.com/Royal17x/hireradar/internal/repository/postgres/vacancy.go:42.16,44.3 1 0
github.com/Royal17x/hireradar/internal/repository/postgres/vacancy.go:45.2,45.18 1 1
github.com/Royal17x/hireradar/internal/repository/postgres/vacancy.go:48.83,52.16 3 1
github.com/Royal17x/hireradar/internal/repository/postgres/vacancy.go:52.16,54.3 1 0
github.com/Royal17x/hireradar/internal/repository/postgres/vacancy.go:56.2,57.18 2 1
github.com/Royal17x/hireradar/internal/repository/postgres/vacancy.go:57.18,61.3 3 1
github.com/Royal17x/hireradar/internal/repository/postgres/vacancy.go:62.2,62.23 1 1
github.com/Royal17x/hireradar/internal/repository/postgres/vacancy.go:62.23,64.3 1 0
github.com/Royal17x/hireradar/internal/repository/postgres/vacancy.go:65.2,65.23 1 1
github.com/Royal17x/hireradar/internal/repository/postgres/vacancy.go:68.118,73.20 4 1
github.com/Royal17x/hireradar/internal/repository/postgres/vacancy.go:73.20,77.3 3 1
github.com/Royal17x/hireradar/internal/repository/postgres/vacancy.go:78.2,78.16 1 1
github.com/Royal17x/hireradar/internal/repository/postgres/vacancy.go:78.16,82.3 3 1
github.com/Royal17x/hireradar/internal/repository/postgres/vacancy.go:83.2,83.17 1 1
github.com/Royal17x/hireradar/internal/repository/postgres/vacancy.go:83.17,87.3 3 1
github.com/Royal17x/hireradar/internal/repository/postgres/vacancy.go:88.2,94.16 4 1
github.com/Royal17x/hireradar/internal/repository/postgres/vacancy.go:94.16,96.3 1 0
github.com/Royal17x/hireradar/internal/repository/postgres/vacancy.go:97.2,97.18 1 1
github.com/Royal17x/hireradar/internal/repository/postgres/vacancy.go:97.18,101.3 3 1
github.com/Royal17x/hireradar/internal/repository/postgres/vacancy.go:102.2,102.23 1 1
github.com/Royal17x/hireradar/internal/repository/postgres/vacancy.go:102.23,104.3 1 0
github.com/Royal17x/hireradar/internal/repository/postgres/vacancy.go:105.2,105.23 1 1
github.com/Royal17x/hireradar/internal/usecase/vacancy.go:18.179,25.2 1 1
github.com/Royal17x/hireradar/internal/usecase/vacancy.go:27.81,29.16 2 1
github.com/Royal17x/hireradar/internal/usecase/vacancy.go:29.16,32.3 2 1
github.com/Royal17x/hireradar/internal/usecase/vacancy.go:33.2,33.36 1 1
github.com/Royal17x/hireradar/internal/usecase/vacancy.go:33.36,35.17 2 1
github.com/Royal17x/hireradar/internal/usecase/vacancy.go:35.17,38.4 2 1
github.com/Royal17x/hireradar/internal/usecase/vacancy.go:39.3,39.11 1 1
github.com/Royal17x/hireradar/internal/usecase/vacancy.go:39.11,40.12 1 1
github.com/Royal17x/hireradar/internal/usecase/vacancy.go:42.3,43.52 2 1
github.com/Royal17x/hireradar/internal/usecase/vacancy.go:43.52,44.30 1 1
github.com/Royal17x/hireradar/internal/usecase/vacancy.go:44.30,45.13 1 0
github.com/Royal17x/hireradar/internal/usecase/vacancy.go:47.4,48.14 2 1
github.com/Royal17x/hireradar/internal/usecase/vacancy.go:50.3,51.17 2 1
github.com/Royal17x/hireradar/internal/usecase/vacancy.go:51.17,54.4 2 0
github.com/Royal17x/hireradar/internal/usecase/vacancy.go:56.2,56.12 1 1
github.com/Royal17x/hireradar/internal/usecase/vacancy.go:59.97,61.16 2 0
github.com/Royal17x/hireradar/internal/usecase/vacancy.go:61.16,63.3 1 0
github.com/Royal17x/hireradar/internal/usecase/vacancy.go:64.2,64.23 1 0
github.com/Royal17x/hireradar/internal/usecase/vacancy.go:64.23,66.3 1 0
github.com/Royal17x/hireradar/internal/usecase/vacancy.go:67.2,68.68 2 0
github.com/Royal17x/hireradar/internal/usecase/vacancy.go:71.80,73.2 1 0
github.com/Royal17x/hireradar/internal/usecase/vacancy.go:75.40,78.2 2 1
github.com/Royal17x/hireradar/internal/mocks/CacheRepository.go:17.83,20.19 2 0
github.com/Royal17x/hireradar/internal/mocks/CacheRepository.go:20.19,21.48 1 0
github.com/Royal17x/hireradar/internal/mocks/CacheRepository.go:24.2,26.76 3 0
github.com/Royal17x/hireradar/internal/mocks/CacheRepository.go:26.76,28.3 1 0
github.com/Royal17x/hireradar/internal/mocks/CacheRepository.go:29.2,29.67 1 0
github.com/Royal17x/hireradar/internal/mocks/CacheRepository.go:29.67,31.3 1 0
github.com/Royal17x/hireradar/internal/mocks/CacheRepository.go:31.8,33.3 1 0
github.com/Royal17x/hireradar/internal/mocks/CacheRepository.go:35.2,35.68 1 0
github.com/Royal17x/hireradar/internal/mocks/CacheRepository.go:35.68,37.3 1 0
github.com/Royal17x/hireradar/internal/mocks/CacheRepository.go:37.8,39.3 1 0
github.com/Royal17x/hireradar/internal/mocks/CacheRepository.go:41.2,41.15 1 0
github.com/Royal17x/hireradar/internal/mocks/CacheRepository.go:45.76,48.19 2 0
github.com/Royal17x/hireradar/internal/mocks/CacheRepository.go:48.19,49.49 1 0
github.com/Royal17x/hireradar/internal/mocks/CacheRepository.go:52.2,53.68 2 0
github.com/Royal17x/hireradar/internal/mocks/CacheRepository.go:53.68,55.3 1 0
github.com/Royal17x/hireradar/internal/mocks/CacheRepository.go:55.8,57.3 1 0
github.com/Royal17x/hireradar/internal/mocks/CacheRepository.go:59.2,59.11 1 0
github.com/Royal17x/hireradar/internal/mocks/CacheRepository.go:67.21,71.19 3 0
github.com/Royal17x/hireradar/internal/mocks/CacheRepository.go:71.19,71.49 1 0
github.com/Royal17x/hireradar/internal/mocks/CacheRepository.go:73.2,73.13 1 0
github.com/Royal17x/hireradar/internal/mocks/FilterRepository.go:18.71,21.19 2 0
github.com/Royal17x/hireradar/internal/mocks/FilterRepository.go:21.19,22.48 1 0
github.com/Royal17x/hireradar/internal/mocks/FilterRepository.go:25.2,26.65 2 0
github.com/Royal17x/hireradar/internal/mocks/FilterRepository.go:26.65,28.3 1 0
github.com/Royal17x/hireradar/internal/mocks/FilterRepository.go:28.8,30.3 1 0
github.com/Royal17x/hireradar/internal/mocks/FilterRepository.go:32.2,32.11 1 0
github.com/Royal17x/hireradar/internal/mocks/FilterRepository.go:36.99,39.19 2 0
github.com/Royal17x/hireradar/internal/mocks/FilterRepository.go:39.19,40.53 1 0
github.com/Royal17x/hireradar/internal/mocks/FilterRepository.go:43.2,45.84 3 0
github.com/Royal17x/hireradar/internal/mocks/FilterRepository.go:45.84,47.3 1 0
github.com/Royal17x/hireradar/internal/mocks/FilterRepository.go:48.2,48.75 1 0
github.com/Royal17x/hireradar/internal/mocks/FilterRepository.go:48.75,50.3 1 0
github.com/Royal17x/hireradar/internal/mocks/FilterRepository.go:50.8,51.24 1 0
github.com/Royal17x/hireradar/internal/mocks/FilterRepository.go:51.24,53.4 1 0
github.com/Royal17x/hireradar/internal/mocks/FilterRepository.go:56.2,56.65 1 0
github.com/Royal17x/hireradar/internal/mocks/FilterRepository.go:56.65,58.3 1 0
github.com/Royal17x/hireradar/internal/mocks/FilterRepository.go:58.8,60.3 1 0
github.com/Royal17x/hireradar/internal/mocks/FilterRepository.go:62.2,62.15 1 0
github.com/Royal17x/hireradar/internal/mocks/FilterRepository.go:66.83,69.19 2 0
github.com/Royal17x/hireradar/internal/mocks/FilterRepository.go:69.19,70.46 1 0
github.com/Royal17x/hireradar/internal/mocks/FilterRepository.go:73.2,74.75 2 0
github.com/Royal17x/hireradar/internal/mocks/FilterRepository.go:74.75,76.3 1 0
github.com/Royal17x/hireradar/internal/mocks/FilterRepository.go:76.8,78.3 1 0
github.com/Royal17x/hireradar/internal/mocks/FilterRepository.go:80.2,80.11 1 0
github.com/Royal17x/hireradar/internal/mocks/FilterRepository.go:84.85,87.19 2 0
github.com/Royal17x/hireradar/internal/mocks/FilterRepository.go:87.19,88.48 1 0
github.com/Royal17x/hireradar/internal/mocks/FilterRepository.go:91.2,92.75 2 0
github.com/Royal17x/hireradar/internal/mocks/FilterRepository.go:92.75,94.3 1 0
github.com/Royal17x/hireradar/internal/mocks/FilterRepository.go:94.8,96.3 1 0
github.com/Royal17x/hireradar/internal/mocks/FilterRepository.go:98.2,98.11 1 0
github.com/Royal17x/hireradar/internal/mocks/FilterRepository.go:106.22,110.19 3 0
github.com/Royal17x/hireradar/internal/mocks/FilterRepository.go:110.19,110.49 1 0
github.com/Royal17x/hireradar/internal/mocks/FilterRepository.go:112.2,112.13 1 0
github.com/Royal17x/hireradar/internal/mocks/UserRepository.go:18.99,21.19 2 0
github.com/Royal17x/hireradar/internal/mocks/UserRepository.go:21.19,22.57 1 0
github.com/Royal17x/hireradar/internal/mocks/UserRepository.go:25.2,27.84 3 0
github.com/Royal17x/hireradar/internal/mocks/UserRepository.go:27.84,29.3 1 0
github.com/Royal17x/hireradar/internal/mocks/UserRepository.go:30.2,30.75 1 0
github.com/Royal17x/hireradar/internal/mocks/UserRepository.go:30.75,32.3 1 0
github.com/Royal17x/hireradar/internal/mocks/UserRepository.go:32.8,33.24 1 0
github.com/Royal17x/hireradar/internal/mocks/UserRepository.go:33.24,35.4 1 0
github.com/Royal17x/hireradar/internal/mocks/UserRepository.go:38.2,38.68 1 0
github.com/Royal17x/hireradar/internal/mocks/UserRepository.go:38.68,40.3 1 0
github.com/Royal17x/hireradar/internal/mocks/UserRepository.go:40.8,42.3 1 0
github.com/Royal17x/hireradar/internal/mocks/UserRepository.go:44.2,44.15 1 0
github.com/Royal17x/hireradar/internal/mocks/UserRepository.go:48.77,51.19 2 0
github.com/Royal17x/hireradar/internal/mocks/UserRepository.go:51.19,52.46 1 0
github.com/Royal17x/hireradar/internal/mocks/UserRepository.go:55.2,56.73 2 0
github.com/Royal17x/hireradar/internal/mocks/UserRepository.go:56.73,58.3 1 0
github.com/Royal17x/hireradar/internal/mocks/UserRepository.go:58.8,60.3 1 0
github.com/Royal17x/hireradar/internal/mocks/UserRepository.go:62.2,62.11 1 0
github.com/Royal17x/hireradar/internal/mocks/UserRepository.go:70.20,74.19 3 0
github.com/Royal17x/hireradar/internal/mocks/UserRepository.go:74.19,74.49 1 0
github.com/Royal17x/hireradar/internal/mocks/UserRepository.go:76.2,76.13 1 0
github.com/Royal17x/hireradar/internal/mocks/VacancyFetcher.go:18.103,21.19 2 0
github.com/Royal17x/hireradar/internal/mocks/VacancyFetcher.go:21.19,22.56 1 0
github.com/Royal17x/hireradar/internal/mocks/VacancyFetcher.go:25.2,27.88 3 0
github.com/Royal17x/hireradar/internal/mocks/VacancyFetcher.go:27.88,29.3 1 0
github.com/Royal17x/hireradar/internal/mocks/VacancyFetcher.go:30.2,30.79 1 0
github.com/Royal17x/hireradar/internal/mocks/VacancyFetcher.go:30.79,32.3 1 0
github.com/Royal17x/hireradar/internal/mocks/VacancyFetcher.go:32.8,33.24 1 0
github.com/Royal17x/hireradar/internal/mocks/VacancyFetcher.go:33.24,35.4 1 0
github.com/Royal17x/hireradar/internal/mocks/VacancyFetcher.go:38.2,38.68 1 0
github.com/Royal17x/hireradar/internal/mocks/VacancyFetcher.go:38.68,40.3 1 0
github.com/Royal17x/hireradar/internal/mocks/VacancyFetcher.go:40.8,42.3 1 0
github.com/Royal17x/hireradar/internal/mocks/VacancyFetcher.go:44.2,44.15 1 0
github.com/Royal17x/hireradar/internal/mocks/VacancyFetcher.go:52.20,56.19 3 0
github.com/Royal17x/hireradar/internal/mocks/VacancyFetcher.go:56.19,56.49 1 0
github.com/Royal17x/hireradar/internal/mocks/VacancyFetcher.go:58.2,58.13 1 0
github.com/Royal17x/hireradar/internal/mocks/VacancyRepository.go:18.85,21.19 2 0
github.com/Royal17x/hireradar/internal/mocks/VacancyRepository.go:21.19,22.48 1 0
github.com/Royal17x/hireradar/internal/mocks/VacancyRepository.go:25.2,27.76 3 0
github.com/Royal17x/hireradar/internal/mocks/VacancyRepository.go:27.76,29.3 1 0
github.com/Royal17x/hireradar/internal/mocks/VacancyRepository.go:30.2,30.67 1 0
github.com/Royal17x/hireradar/internal/mocks/VacancyRepository.go:30.67,32.3 1 0
github.com/Royal17x/hireradar/internal/mocks/VacancyRepository.go:32.8,34.3 1 0
github.com/Royal17x/hireradar/internal/mocks/VacancyRepository.go:36.2,36.68 1 0
github.com/Royal17x/hireradar/internal/mocks/VacancyRepository.go:36.68,38.3 1 0
github.com/Royal17x/hireradar/internal/mocks/VacancyRepository.go:38.8,40.3 1 0
github.com/Royal17x/hireradar/internal/mocks/VacancyRepository.go:42.2,42.15 1 0
github.com/Royal17x/hireradar/internal/mocks/VacancyRepository.go:46.84,49.19 2 0
github.com/Royal17x/hireradar/internal/mocks/VacancyRepository.go:49.19,50.48 1 0
github.com/Royal17x/hireradar/internal/mocks/VacancyRepository.go:53.2,55.80 3 0
github.com/Royal17x/hireradar/internal/mocks/VacancyRepository.go:55.80,57.3 1 0
github.com/Royal17x/hireradar/internal/mocks/VacancyRepository.go:58.2,58.71 1 0
github.com/Royal17x/hireradar/internal/mocks/VacancyRepository.go:58.71,60.3 1 0
github.com/Royal17x/hireradar/internal/mocks/VacancyRepository.go:60.8,61.24 1 0
github.com/Royal17x/hireradar/internal/mocks/VacancyRepository.go:61.24,63.4 1 0
github.com/Royal17x/hireradar/internal/mocks/VacancyRepository.go:66.2,66.60 1 0
github.com/Royal17x/hireradar/internal/mocks/VacancyRepository.go:66.60,68.3 1 0
github.com/Royal17x/hireradar/internal/mocks/VacancyRepository.go:68.8,70.3 1 0
github.com/Royal17x/hireradar/internal/mocks/VacancyRepository.go:72.2,72.15 1 0
github.com/Royal17x/hireradar/internal/mocks/VacancyRepository.go:76.133,79.19 2 0
github.com/Royal17x/hireradar/internal/mocks/VacancyRepository.go:79.19,80.53 1 0
github.com/Royal17x/hireradar/internal/mocks/VacancyRepository.go:83.2,85.104 3 0
github.com/Royal17x/hireradar/internal/mocks/VacancyRepository.go:85.104,87.3 1 0
github.com/Royal17x/hireradar/internal/mocks/VacancyRepository.go:88.2,88.95 1 0
github.com/Royal17x/hireradar/internal/mocks/VacancyRepository.go:88.95,90.3 1 0
github.com/Royal17x/hireradar/internal/mocks/VacancyRepository.go:90.8,91.24 1 0
github.com/Royal17x/hireradar/internal/mocks/VacancyRepository.go:91.24,93.4 1 0
github.com/Royal17x/hireradar/internal/mocks/VacancyRepository.go:96.2,96.84 1 0
github.com/Royal17x/hireradar/internal/mocks/VacancyRepository.go:96.84,98.3 1 0
github.com/Royal17x/hireradar/internal/mocks/VacancyRepository.go:98.8,100.3 1 0
github.com/Royal17x/hireradar/internal/mocks/VacancyRepository.go:102.2,102.15 1 0
github.com/Royal17x/hireradar/internal/mocks/VacancyRepository.go:106.87,109.19 2 0
github.com/Royal17x/hireradar/internal/mocks/VacancyRepository.go:109.19,110.46 1 0
github.com/Royal17x/hireradar/internal/mocks/VacancyRepository.go:113.2,114.77 2 0
github.com/Royal17x/hireradar/internal/mocks/VacancyRepository.go:114.77,116.3 1 0
github.com/Royal17x/hireradar/internal/mocks/VacancyRepository.go:116.8,118.3 1 0
github.com/Royal17x/hireradar/internal/mocks/VacancyRepository.go:120.2,120.11 1 0
github.com/Royal17x/hireradar/internal/mocks/VacancyRepository.go:128.23,132.19 3 0
github.com/Royal17x/hireradar/internal/mocks/VacancyRepository.go:132.19,132.49 1 0
github.com/Royal17x/hireradar/internal/mocks/VacancyRepository.go:134.2,134.13 1 0
github.com/Royal17x/hireradar/internal/config/config.go:39.25,42.16 3 0
github.com/Royal17x/hireradar/internal/config/config.go:42.16,43.13 1 0
github.com/Royal17x/hireradar/internal/config/config.go:45.2,45.13 1 0
github.com/Royal17x/hireradar/internal/config/config.go:48.39,51.2 1 0
github.com/Royal17x/hireradar/internal/client/hh/client.go:17.20,24.2 1 0
github.com/Royal17x/hireradar/internal/client/hh/client.go:54.94,56.16 2 0
github.com/Royal17x/hireradar/internal/client/hh/client.go:56.16,58.3 1 0
github.com/Royal17x/hireradar/internal/client/hh/client.go:59.2,65.16 6 0
github.com/Royal17x/hireradar/internal/client/hh/client.go:65.16,67.3 1 0
github.com/Royal17x/hireradar/internal/client/hh/client.go:68.2,71.68 3 0
github.com/Royal17x/hireradar/internal/client/hh/client.go:71.68,73.3 1 0
github.com/Royal17x/hireradar/internal/client/hh/client.go:74.2,75.41 2 0
github.com/Royal17x/hireradar/internal/client/hh/client.go:75.41,77.17 2 0
github.com/Royal17x/hireradar/internal/client/hh/client.go:77.17,79.4 1 0
github.com/Royal17x/hireradar/internal/client/hh/client.go:80.3,81.17 2 0
github.com/Royal17x/hireradar/internal/client/hh/client.go:81.17,83.4 1 0
github.com/Royal17x/hireradar/internal/client/hh/client.go:84.3,93.28 2 0
github.com/Royal17x/hireradar/internal/client/hh/client.go:93.28,98.4 4 0
github.com/Royal17x/hireradar/internal/client/hh/client.go:99.3,99.35 1 0
github.com/Royal17x/hireradar/internal/client/hh/client.go:101.2,102.23 2 0
github.com/Royal17x/hireradar/cmd/bot/main.go:24.13,30.40 3 0
github.com/Royal17x/hireradar/cmd/bot/main.go:30.40,32.3 1 0
github.com/Royal17x/hireradar/cmd/bot/main.go:35.2,42.16 4 0
github.com/Royal17x/hireradar/cmd/bot/main.go:42.16,43.13 1 0
github.com/Royal17x/hireradar/cmd/bot/main.go:45.2,45.40 1 0
github.com/Royal17x/hireradar/cmd/bot/main.go:45.40,46.13 1 0
github.com/Royal17x/hireradar/cmd/bot/main.go:48.2,52.63 3 0
github.com/Royal17x/hireradar/cmd/bot/main.go:52.63,54.3 1 0
github.com/Royal17x/hireradar/cmd/bot/main.go:57.2,63.16 3 0
github.com/Royal17x/hireradar/cmd/bot/main.go:63.16,64.13 1 0
github.com/Royal17x/hireradar/cmd/bot/main.go:66.2,87.16 12 0
github.com/Royal17x/hireradar/cmd/bot/main.go:87.16,90.3 2 0
github.com/Royal17x/hireradar/cmd/bot/main.go:91.2,102.44 7 0
github.com/Royal17x/hireradar/internal/delivery/bot/bot.go:18.147,24.16 3 0
github.com/Royal17x/hireradar/internal/delivery/bot/bot.go:24.16,27.3 2 0
github.com/Royal17x/hireradar/internal/delivery/bot/bot.go:28.2,41.17 7 0
github.com/Royal17x/hireradar/internal/delivery/bot/bot.go:44.23,46.2 1 0
github.com/Royal17x/hireradar/internal/delivery/bot/handlers.go:14.52,19.16 5 0
github.com/Royal17x/hireradar/internal/delivery/bot/handlers.go:19.16,22.3 2 0
github.com/Royal17x/hireradar/internal/delivery/bot/handlers.go:23.2,23.17 1 0
github.com/Royal17x/hireradar/internal/delivery/bot/handlers.go:23.17,30.52 2 0
github.com/Royal17x/hireradar/internal/delivery/bot/handlers.go:30.52,33.4 2 0
github.com/Royal17x/hireradar/internal/delivery/bot/handlers.go:34.3,34.44 1 0
github.com/Royal17x/hireradar/internal/delivery/bot/handlers.go:36.2,37.143 2 0
github.com/Royal17x/hireradar/internal/delivery/bot/handlers.go:40.56,44.16 4 0
github.com/Royal17x/hireradar/internal/delivery/bot/handlers.go:44.16,47.3 2 0
github.com/Royal17x/hireradar/internal/delivery/bot/handlers.go:48.2,48.17 1 0
github.com/Royal17x/hireradar/internal/delivery/bot/handlers.go:48.17,51.3 2 0
github.com/Royal17x/hireradar/internal/delivery/bot/handlers.go:53.2,54.16 2 0
github.com/Royal17x/hireradar/internal/delivery/bot/handlers.go:54.16,57.3 2 0
github.com/Royal17x/hireradar/internal/delivery/bot/handlers.go:58.2,58.25 1 0
github.com/Royal17x/hireradar/internal/delivery/bot/handlers.go:58.25,61.3 2 0
github.com/Royal17x/hireradar/internal/delivery/bot/handlers.go:63.2,64.56 2 0
github.com/Royal17x/hireradar/internal/delivery/bot/handlers.go:64.56,66.3 1 0
github.com/Royal17x/hireradar/internal/delivery/bot/handlers.go:67.2,68.50 2 0
github.com/Royal17x/hireradar/internal/delivery/bot/handlers.go:71.56,75.16 4 0
github.com/Royal17x/hireradar/internal/delivery/bot/handlers.go:75.16,78.3 2 0
github.com/Royal17x/hireradar/internal/delivery/bot/handlers.go:79.2,79.17 1 0
github.com/Royal17x/hireradar/internal/delivery/bot/handlers.go:79.17,82.3 2 0
github.com/Royal17x/hireradar/internal/delivery/bot/handlers.go:83.2,84.20 2 0
github.com/Royal17x/hireradar/internal/delivery/bot/handlers.go:84.20,87.3 2 0
github.com/Royal17x/hireradar/internal/delivery/bot/handlers.go:88.2,90.19 3 0
github.com/Royal17x/hireradar/internal/delivery/bot/handlers.go:90.19,92.3 1 0
github.com/Royal17x/hireradar/internal/delivery/bot/handlers.go:93.2,93.19 1 0
github.com/Royal17x/hireradar/internal/delivery/bot/handlers.go:93.19,95.3 1 0
github.com/Royal17x/hireradar/internal/delivery/bot/handlers.go:97.2,97.54 1 0
github.com/Royal17x/hireradar/internal/delivery/bot/handlers.go:97.54,100.3 2 0
github.com/Royal17x/hireradar/internal/delivery/bot/handlers.go:101.2,102.61 2 0
github.com/Royal17x/hireradar/internal/delivery/bot/handlers.go:105.53,109.16 4 0
github.com/Royal17x/hireradar/internal/delivery/bot/handlers.go:109.16,112.3 2 0
github.com/Royal17x/hireradar/internal/delivery/bot/handlers.go:113.2,113.17 1 0
github.com/Royal17x/hireradar/internal/delivery/bot/handlers.go:113.17,116.3 2 0
github.com/Royal17x/hireradar/internal/delivery/bot/handlers.go:117.2,118.16 2 0
github.com/Royal17x/hireradar/internal/delivery/bot/handlers.go:118.16,121.3 2 0
github.com/Royal17x/hireradar/internal/delivery/bot/handlers.go:122.2,122.23 1 0
github.com/Royal17x/hireradar/internal/delivery/bot/handlers.go:122.23,124.3 1 0
github.com/Royal17x/hireradar/internal/delivery/bot/handlers.go:126.2,127.33 2 0
github.com/Royal17x/hireradar/internal/delivery/bot/handlers.go:127.33,130.3 1 0
github.com/Royal17x/hireradar/internal/delivery/bot/handlers.go:131.2,132.50 2 0
github.com/Royal17x/hireradar/internal/delivery/bot/handlers.go:135.59,138.24 3 0
github.com/Royal17x/hireradar/internal/delivery/bot/handlers.go:138.24,141.3 2 0
github.com/Royal17x/hireradar/internal/delivery/bot/handlers.go:142.2,143.16 2 0
github.com/Royal17x/hireradar/internal/delivery/bot/handlers.go:143.16,146.3 2 0
github.com/Royal17x/hireradar/internal/delivery/bot/handlers.go:147.2,147.52 1 0
github.com/Royal17x/hireradar/internal/delivery/bot/handlers.go:147.52,150.3 2 0
github.com/Royal17x/hireradar/internal/delivery/bot/handlers.go:151.2,152.59 2 0
github.com/Royal17x/hireradar/internal/repository/redis/vacancy.go:13.63,15.2 1 0
github.com/Royal17x/hireradar/internal/repository/redis/vacancy.go:17.37,19.2 1 0
github.com/Royal17x/hireradar/internal/repository/redis/vacancy.go:20.72,22.16 2 0
github.com/Royal17x/hireradar/internal/repository/redis/vacancy.go:22.16,24.3 1 0
github.com/Royal17x/hireradar/internal/repository/redis/vacancy.go:25.2,25.12 1 0
github.com/Royal17x/hireradar/internal/repository/redis/vacancy.go:28.79,30.16 2 0
github.com/Royal17x/hireradar/internal/repository/redis/vacancy.go:30.16,32.3 1 0
github.com/Royal17x/hireradar/internal/repository/redis/vacancy.go:33.2,33.23 1 0
github.com/Royal17x/hireradar/internal/utils/migrations.go:10.38,12.16 2 0
github.com/Royal17x/hireradar/internal/utils/migrations.go:12.16,14.3 1 0
github.com/Royal17x/hireradar/internal/utils/migrations.go:16.2,21.36 5 0
github.com/Royal17x/hireradar/internal/scheduler/scheduler.go:16.101,22.2 1 0
github.com/Royal17x/hireradar/internal/scheduler/scheduler.go:24.48,29.16 5 0
github.com/Royal17x/hireradar/internal/scheduler/scheduler.go:29.16,31.3 1 0
github.com/Royal17x/hireradar/internal/scheduler/scheduler.go:32.2,32.6 1 0
github.com/Royal17x/hireradar/internal/scheduler/scheduler.go:32.6,33.10 1 0
github.com/Royal17x/hireradar/internal/scheduler/scheduler.go:34.19,36.18 2 0
github.com/Royal17x/hireradar/internal/scheduler/scheduler.go:36.18,38.5 1 0
github.com/Royal17x/hireradar/internal/scheduler/scheduler.go:39.21,41.10 2 0
